ell 01 - Address: E4:8D:8C:8C:41:3D
                    Channel:1
                    Frequency:2.412 GHz (Channel 1)
                    Quality=42/70  Signal level=-68 dBm  
                    Encryption key:on
                    ESSID:"IPR615"
                    Bit Rates:1 Mb/s; 2 Mb/s; 5.5 Mb/s; 11 Mb/s; 6 Mb/s
                              9 Mb/s; 12 Mb/s; 18 Mb/s
                    Bit Rates:24 Mb/s; 36 Mb/s; 48 Mb/s; 54 Mb/s
                    Mode:Master
                    Extra:tsf=000000c9bdec30a1
                    Extra: Last beacon: 805ms ago
                    IE: Unknown: 0006495052363135
                    IE: Unknown: 010882848B960C121824
                    IE: Unknown: 030101
                    IE: Unknown: 2A0100
                    IE: Unknown: 2D1A2C1003FFFF000000000000000000000000000000000000000000
                    IE: IEEE 802.11i/WPA2 Version 1
                        Group Cipher : CCMP
                        Pairwise Ciphers (1) : CCMP
                        Authentication Suites (1) : PSK
                    IE: Unknown: 32043048606C
                    IE: Unknown: 3D1601000000000000000000000000000000000000000000
                    IE: Unknown: DD2A000C42000000011E00100000006617060000453438443843384334313344000000000000000005026C09
                    IE: Unknown: DD180050F2020101000003A4000027A4000042435E0062322F00
                    IE: Unknown: DD1E00904C332C1003FFFF000000000000000000000000000000000000000000
                    IE: Unknown: DD1A00904C3401000000000000000000000000000000000000000000
          Cell 02 - Address: FA:8F:CA:54:2D:CA
                    Channel:11
                    Frequency:2.462 GHz (Channel 11)
                    Quality=48/70  Signal level=-62 dBm  
                    Encryption key:off
                    ESSID:""
                    Bit Rates:1 Mb/s; 2 Mb/s; 5.5 Mb/s; 11 Mb/s; 6 Mb/s
                              9 Mb/s; 12 Mb/s; 18 Mb/s
                    Bit Rates:24 Mb/s; 36 Mb/s; 48 Mb/s; 54 Mb/s
                    Mode:Master
                    Extra:tsf=0000023ae4043142
                    Extra: Last beacon: 95ms ago
                    IE: Unknown: 0000
                    IE: Unknown: 010882848B960C121824
                    IE: Unknown: 03010B
                    IE: Unknown: 050401020000
                    IE: Unknown: 2A0100
                    IE: Unknown: 2D1A2C1103FF00000000000000000000000000000000000000000000
                    IE: Unknown: 32043048606C
                    IE: Unknown: 3D160B080000000000000000000000000000000000000000
                    IE: Unknown: DD180050F2020101800003A4000027A4000042435E0062322F00
          Cell 03 - Address: CC:16:7E:35:6A:70
                    Channel:11
                    Frequency:2.462 GHz (Channel 11)
                    Quality=70/70  Signal level=-40 dBm  
                    Encryption key:on
                    ESSID:"GD-guest"
                    Bit Rates:11 Mb/s; 12 Mb/s; 18 Mb/s; 24 Mb/s; 36 Mb/s
                              48 Mb/s; 54 Mb/s
                    Mode:Master
                    Extra:tsf=0000023ae40210d6
                    Extra: Last beacon: 225ms ago
                    IE: Unknown: 000847442D6775657374
                    IE: Unknown: 01079618243048606C
                    IE: Unknown: 03010B
                    IE: Unknown: 050700010100000000
                    IE: Unknown: 0706525520010D14
                    IE: Unknown: 0B050C00298D5B
                    IE: Unknown: 200103
                    IE: Unknown: 2A0100
                    IE: Unknown: 2D1AAC191BFFFF000000000000000000000000000000000000000000
                    IE: IEEE 802.11i/WPA2 Version 1
                        Group Cipher : CCMP
                        Pairwise Ciphers (1) : CCMP
                        Authentication Suites (1) : PSK
                    IE: Unknown: 3D160B000700000000000000000000000000000000000000
                    IE: Unknown: 460573C0000000
                    IE: Unknown: 7F06001000040140
                    IE: Unknown: 9606004096001000
                    IE: Unknown: DD180050F2020101800003A4000027A4000042435E0062322F00
                    IE: Unknown: DD06004096010104
                    IE: Unknown: DD050040960305
                    IE: Unknown: DD050040960B09
                    IE: Unknown: DD050040961401
          Cell 04 - Address: B4:E9:B0:58:C3:70
                    Channel:11
                    Frequency:2.462 GHz (Channel 11)
                    Quality=36/70  Signal level=-74 dBm  
                    Encryption key:on
                    ESSID:""
                    Bit Rates:1 Mb/s; 2 Mb/s; 5.5 Mb/s; 6 Mb/s; 9 Mb/s
                              11 Mb/s; 12 Mb/s; 18 Mb/s
                    Bit Rates:24 Mb/s; 36 Mb/s; 48 Mb/s; 54 Mb/s
                    Mode:Master
                    Extra:tsf=00000e7d2ed3d978
                    Extra: Last beacon: 110ms ago
                    IE: Unknown: 000100
                    IE: Unknown: 010882848B0C12961824
                    IE: Unknown: 03010B
                    IE: Unknown: 050401020000
                    IE: Unknown: 2A0100
                    IE: Unknown: 2D1A2C181BFFFF000000000000000000000000000000000000000000
                    IE: IEEE 802.11i/WPA2 Version 1
                        Group Cipher : CCMP
                        Pairwise Ciphers (1) : CCMP
                        Authentication Suites (1) : PSK
                    IE: Unknown: 32043048606C
                    IE: Unknown: 3D160B080400000000000000000000000000000000000000
                    IE: Unknown: 851E06009A000F00FF0319006170000000000000000000000000000003000036
                    IE: Unknown: DD180050F2020101870003A4000027A4000042435E0062322F00
                    IE: Unknown: DD06004096010101
                    IE: Unknown: DD050040960305
                    IE: Unknown: DD050040960B09
                    IE: Unknown: DD050040961401
          Cell 05 - Address: FA:8F:CA:7A:D1:69
                    Channel:1
                    Frequency:2.412 GHz (Channel 1)
                    Quality=42/70  Signal level=-68 dBm  
                    Encryption key:off
                    ESSID:""
                    Bit Rates:1 Mb/s; 2 Mb/s; 5.5 Mb/s; 11 Mb/s; 6 Mb/s
                              9 Mb/s; 12 Mb/s; 18 Mb/s
                    Bit Rates:24 Mb/s; 36 Mb/s; 48 Mb/s; 54 Mb/s
                    Mode:Master
                    Extra:tsf=00000601fd09614b
                    Extra: Last beacon: 880ms ago
                    IE: Unknown: 0000
                    IE: Unknown: 010882848B960C121824
                    IE: Unknown: 030101
                    IE: Unknown: 05050002000000
                    IE: Unknown: 2A0100
                    IE: Unknown: 2D1A2C0103FF000000000000000000000000000000000008E0E10900
                    IE: Unknown: 32043048606C
                    IE: Unknown: 3D1601080000000000000000000000000000000000000000
                    IE: Unknown: DD180050F2020101000003A4000027A4000042435E0062322F00
          Cell 06 - Address: 1C:7E:E5:E0:93:C2
                    Channel:6
                    Frequency:2.437 GHz (Channel 6)
                    Quality=12/70  Signal level=-98 dBm  
                    Encryption key:on
                    ESSID:"ukcm"
                    Bit Rates:1 Mb/s; 2 Mb/s; 5.5 Mb/s; 11 Mb/s; 9 Mb/s
                              18 Mb/s; 36 Mb/s; 54 Mb/s
                    Bit Rates:6 Mb/s; 12 Mb/s; 24 Mb/s; 48 Mb/s
                    Mode:Master
                    Extra:tsf=000000313e687a2e
                    Extra: Last beacon: 585ms ago
                    IE: Unknown: 0004756B636D
                    IE: Unknown: 010882848B961224486C
                    IE: Unknown: 030106
                    IE: Unknown: 2A0100
                    IE: Unknown: 32040C183060
                    IE: Unknown: 2D1AEE1117FF000000010000000000000000000000000C0000000000
                    IE: Unknown: 3D1606050000000000000000000000000000000000000000
                    IE: Unknown: 3E0100
                    IE: WPA Version 1
                        Group Cipher : TKIP
                        Pairwise Ciphers (2) : CCMP TKIP
                        Authentication Suites (1) : PSK
                    IE: IEEE 802.11i/WPA2 Version 1
                        Group Cipher : TKIP
                        Pairwise Ciphers (2) : CCMP TKIP
                        Authentication Suites (1) : PSK
                    IE: Unknown: DD180050F2020101800003A4000027A4000042435E0062322F00
                    IE: Unknown: 7F0101
                    IE: Unknown: DD07000C4307000000
                    IE: Unknown: 0706474220010D10
                    IE: Unknown: DD1E00904C33EE1117FF000000010000000000000000000000000C0000000000
                    IE: Unknown: DD1A00904C3406050000000000000000000000000000000000000000
          Cell 07 - Address: CC:16:7E:35:6A:71
                    Channel:11
                    Frequency:2.462 GHz (Channel 11)
                    Quality=70/70  Signal level=-40 dBm  
                    Encryption key:on
                    ESSID:"GD-wifi"
                    Bit Rates:11 Mb/s; 12 Mb/s; 18 Mb/s; 24 Mb/s; 36 Mb/s
                              48 Mb/s; 54 Mb/s
                    Mode:Master
                    Extra:tsf=0000023ae403a8d6
                    Extra: Last beacon: 175ms ago
                    IE: Unknown: 000747442D77696669
                    IE: Unknown: 01079618243048606C
                    IE: Unknown: 03010B
                    IE: Unknown: 050700010000000000
                    IE: Unknown: 0706525520010D14
                    IE: Unknown: 0B050C00298D5B
                    IE: Unknown: 200103
                    IE: Unknown: 2A0100
                    IE: Unknown: 2D1AAC191BFFFF000000000000000000000000000000000000000000
                    IE: IEEE 802.11i/WPA2 Version 1
                        Group Cipher : CCMP
                        Pairwise Ciphers (1) : CCMP
                        Authentication Suites (2) : 802.1x Proprietary
                    IE: Unknown: 360330F401
                    IE: Unknown: 3D160B000700000000000000000000000000000000000000
                    IE: Unknown: 460573C0000000
                    IE: Unknown: 7F06001008040140
                    IE: Unknown: 9606004096001000
                    IE: Unknown: DD180050F2020101800003A4000027A4000042435E0062322F00
                    IE: Unknown: DD06004096010104
                    IE: Unknown: DD050040960305
                    IE: Unknown: DD050040960B49
                    IE: Unknown: DD050040961401

